<?xml version="1.0" encoding="UTF-8"?>
<!-- Generated by org.testng.reporters.JUnitXMLReporter -->
<testsuite ignored="0" hostname="soumen" failures="0" tests="3" name="MacOS Test" time="114.105" errors="0" timestamp="28 Jul 2022 06:23:47 GMT">
  <testcase classname="testNG.Testng1" name="scenarioOne" time="6.201"/>
  <testcase classname="testNG.Testng1" name="secondScenario" time="10.433"/>
  <testcase classname="testNG.Testng1" name="thirdScenario" time="5.527"/>
</testsuite> <!-- MacOS Test -->
