<?xml version="1.0" encoding="UTF-8"?>
<!-- Generated by org.testng.reporters.JUnitXMLReporter -->
<testsuite ignored="0" hostname="soumen" failures="0" tests="3" name="Windows 10 Test" time="138.167" errors="0" timestamp="28 Jul 2022 06:24:10 GMT">
  <testcase classname="testNG.Testng1" name="scenarioOne" time="6.285"/>
  <testcase classname="testNG.Testng1" name="secondScenario" time="11.203"/>
  <testcase classname="testNG.Testng1" name="thirdScenario" time="5.156"/>
</testsuite> <!-- Windows 10 Test -->
