<?xml version="1.0" encoding="UTF-8"?>
<!-- Generated by org.testng.reporters.JUnitXMLReporter -->
<testsuite ignored="0" hostname="soumen" failures="0" tests="3" name="Windows 7 Test" time="161.333" errors="0" timestamp="28 Jul 2022 06:24:34 GMT">
  <testcase classname="testNG.Testng1" name="scenarioOne" time="6.178"/>
  <testcase classname="testNG.Testng1" name="secondScenario" time="11.022"/>
  <testcase classname="testNG.Testng1" name="thirdScenario" time="5.323"/>
</testsuite> <!-- Windows 7 Test -->
